<?xml version="1.0" encoding="UTF-8"?>
<!-- Generated by org.testng.reporters.JUnitReportReporter -->
<testsuite hostname="LAPTOP-VO7SSANT" failures="0" tests="2" name="testNG_Code.TestNGCode" time="0.011" errors="0" timestamp="2025-07-08T20:41:59 IST" skipped="0">
  <testcase classname="testNG_Code.TestNGCode" name="test" time="0.008"/>
  <testcase classname="testNG_Code.TestNGCode" name="name" time="0.003"/>
</testsuite> <!-- testNG_Code.TestNGCode -->
