<?xml version="1.0" encoding="UTF-8"?>
<!-- Generated by org.testng.reporters.JUnitReportReporter -->
<testsuite hostname="LAPTOP-VO7SSANT" failures="0" tests="2" name="testNG_Code.TestNG_Program" time="0.018" errors="0" timestamp="2025-07-07T21:33:27 IST" skipped="0">
  <testcase classname="testNG_Code.TestNG_Program" name="test" time="0.003"/>
  <testcase classname="testNG_Code.TestNG_Program" name="name" time="0.015"/>
</testsuite> <!-- testNG_Code.TestNG_Program -->
