<?xml version="1.0" encoding="UTF-8"?>
<!-- Generated by org.testng.reporters.JUnitReportReporter -->
<testsuite hostname="LAPTOP-VO7SSANT" failures="0" tests="1" name="demoproject.LoginPageTest" time="13.944" errors="0" timestamp="2025-07-09T21:22:04 IST" skipped="0">
  <testcase classname="demoproject.LoginPageTest" name="verifyUserCanLogin" time="13.944"/>
</testsuite> <!-- demoproject.LoginPageTest -->
