<?xml version="1.0" encoding="UTF-8"?>
<!-- Generated by org.testng.reporters.JUnitReportReporter -->
<testsuite hostname="LAPTOP-VO7SSANT" failures="0" tests="1" name="testscript.LoginPageTest" time="4.891" errors="0" timestamp="2025-07-10T21:37:35 IST" skipped="0">
  <testcase classname="testscript.LoginPageTest" name="verifyUserCanLoginWithInvalidUsenameAndValidPassword" time="4.891"/>
</testsuite> <!-- testscript.LoginPageTest -->
