<?xml version="1.0" encoding="UTF-8"?>
<!-- Generated by org.testng.reporters.JUnitReportReporter -->
<testsuite hostname="LAPTOP-VO7SSANT" failures="0" tests="1" name="testNG_Code.Annotations" time="0.013" errors="0" timestamp="2025-07-08T21:21:46 IST" skipped="0">
  <testcase classname="testNG_Code.Annotations" name="test" time="0.013"/>
</testsuite> <!-- testNG_Code.Annotations -->
