<?xml version="1.0" encoding="UTF-8"?>
<!-- Generated by org.testng.reporters.JUnitReportReporter -->
<testsuite hostname="LAPTOP-VO7SSANT" failures="0" tests="1" name="demoproject.LoginPageTest" time="9.280" errors="0" timestamp="2025-07-08T21:30:20 IST" skipped="0">
  <testcase classname="demoproject.LoginPageTest" name="verifyUserCanLogin" time="9.280"/>
</testsuite> <!-- demoproject.LoginPageTest -->
