<?xml version="1.0" encoding="UTF-8"?>
<!-- Generated by org.testng.reporters.JUnitReportReporter -->
<testsuite hostname="LAPTOP-VO7SSANT" failures="0" tests="3" name="testNG_Code.AutomationStudy" time="0.037" errors="0" timestamp="2025-07-08T21:05:08 IST" skipped="0">
  <testcase classname="testNG_Code.AutomationStudy" name="print" time="0.023"/>
  <testcase classname="testNG_Code.AutomationStudy" name="testMethod" time="0.008"/>
  <testcase classname="testNG_Code.AutomationStudy" name="secondMethod" time="0.006"/>
</testsuite> <!-- testNG_Code.AutomationStudy -->
