<?xml version="1.0" encoding="UTF-8"?>
<!-- Generated by org.testng.reporters.JUnitReportReporter -->
<testsuite hostname="LAPTOP-VO7SSANT" failures="0" tests="1" name="testscriptpackage.ManageNewsPageTest" time="5.600" errors="0" timestamp="2025-07-24T17:41:01 IST" skipped="0">
  <testcase classname="testscriptpackage.ManageNewsPageTest" name="verifyThatTheUserCanSaveNews" time="5.600"/>
</testsuite> <!-- testscriptpackage.ManageNewsPageTest -->
