<?xml version="1.0" encoding="UTF-8"?>
<!-- Generated by org.testng.reporters.JUnitReportReporter -->
<testsuite hostname="LAPTOP-VO7SSANT" failures="0" tests="1" name="testscriptpackage.HomePageTest" time="4.696" errors="0" timestamp="2025-07-28T21:22:42 IST" skipped="0">
  <testcase classname="testscriptpackage.HomePageTest" name="clickOnAdminAndLogout" time="4.696"/>
</testsuite> <!-- testscriptpackage.HomePageTest -->
