<?xml version="1.0" encoding="UTF-8"?>
<!-- Generated by org.testng.reporters.JUnitReportReporter -->
<testsuite hostname="LAPTOP-VO7SSANT" failures="0" tests="1" name="testscriptpackage.HomePageTest" time="5.500" errors="0" timestamp="2025-08-01T21:23:42 IST" skipped="0">
  <testcase classname="testscriptpackage.HomePageTest" name="clickOnAdminAndLogout" time="5.500"/>
</testsuite> <!-- testscriptpackage.HomePageTest -->
