<?xml version="1.0" encoding="UTF-8"?>
<!-- Generated by org.testng.reporters.JUnitReportReporter -->
<testsuite hostname="LAPTOP-VO7SSANT" failures="0" tests="1" name="testscriptpackage.HomePageTest" time="27.613" errors="0" timestamp="2025-07-14T21:13:56 IST" skipped="0">
  <testcase classname="testscriptpackage.HomePageTest" name="clickOnAdminAndLogout" time="27.613"/>
</testsuite> <!-- testscriptpackage.HomePageTest -->
