<?xml version="1.0" encoding="UTF-8"?>
<!-- Generated by org.testng.reporters.JUnitReportReporter -->
<testsuite hostname="LAPTOP-VO7SSANT" failures="0" tests="1" name="testscriptpackage.LoginPageTest" time="4.594" errors="0" timestamp="2025-07-15T21:04:20 IST" skipped="0">
  <testcase classname="testscriptpackage.LoginPageTest" name="VerifyUserCanLoginWithValidCredentials" time="4.594"/>
</testsuite> <!-- testscriptpackage.LoginPageTest -->
