<?xml version="1.0" encoding="UTF-8"?>
<!-- Generated by org.testng.reporters.JUnitReportReporter -->
<testsuite hostname="LAPTOP-VO7SSANT" failures="0" tests="1" name="testscriptpackage.AdminUserPageTest" time="6.189" errors="0" timestamp="2025-07-14T22:01:23 IST" skipped="0">
  <testcase classname="testscriptpackage.AdminUserPageTest" name="createNewAdminUserInformation" time="6.189"/>
</testsuite> <!-- testscriptpackage.AdminUserPageTest -->
