<?xml version="1.0" encoding="UTF-8"?>
<!-- Generated by org.testng.reporters.JUnitReportReporter -->
<testsuite hostname="LAPTOP-VO7SSANT" failures="0" tests="1" name="testscriptpackage.ManageNewsPageTest" time="10.236" errors="0" timestamp="2025-07-21T11:18:32 IST" skipped="0">
  <testcase classname="testscriptpackage.ManageNewsPageTest" name="verifyThatTheUserCanSaveNews" time="10.236"/>
</testsuite> <!-- testscriptpackage.ManageNewsPageTest -->
