<?xml version="1.0" encoding="UTF-8"?>
<!-- Generated by org.testng.reporters.JUnitReportReporter -->
<testsuite hostname="LAPTOP-VO7SSANT" failures="0" tests="1" name="testscriptpackage.ManageCategoryTest" time="9.693" errors="0" timestamp="2025-07-28T21:25:12 IST" skipped="0">
  <testcase classname="testscriptpackage.ManageCategoryTest" name="verifyThatTheUserIsAbleToAddNewCategory" time="9.693"/>
</testsuite> <!-- testscriptpackage.ManageCategoryTest -->
